System.registerDynamic("services/help-service",[],!0,function(a,b,c){var d=this,e=d.define;d.define=void 0;var f=function(){function a(){}return a.prototype.getNodeTypeDescription=function(a){return b.NODE_DESCRIPTIONS[a.toUpperCase()]},a}();return b.HelpService=f,b.NODE_DESCRIPTIONS={LIMIT:"returns a specified number of rows from a record set.",SORT:"sorts a record set based on the specified sort key.","NESTED LOOP":"merges two record sets by looping through every record in the first set and\n   trying to find a match in the second set. All matching records are returned.","MERGE JOIN":"merges two record sets by first sorting them on a <strong>join key</strong>.",HASH:"generates a hash table from the records in the input recordset. Hash is used by\n   <strong>Hash Join</strong>.","HASH JOIN":"joins to record sets by hashing one of them (using a <strong>Hash Scan</scan>).",AGGREGATE:"groups records together based on a GROUP BY or aggregate function (like <code>sum()</code>).",HASHAGGREGATE:"groups records together based on a GROUP BY or aggregate function (like sum()). Hash Aggregate uses\n   a hash to first organize the records by a key.","SEQ SCAN":"finds relevant records by sequentially scanning the input record set. When reading from a table,\n   Seq Scans (unlike Index Scans) perform a single read operation (only the table is read).","INDEX SCAN":"finds relevant records based on an <strong>Index</strong>. Index Scans perform 2 read operations: one to\n   read the index and another to read the actual value from the table.","INDEX ONLY SCAN":"finds relevant records based on an <strong>Index</strong>. Index Only Scans perform a single read operation\n   from the index and do not read from the corresponding table.","BITMAP HEAP SCAN":"searches through the pages returned by the <strong>Bitmap Index Scan</strong> for relevant rows.","BITMAP INDEX SCAN":"uses a <strong>Bitmap Index</strong> (index which uses 1 bit per page) to find all relevant pages.\n   Results of this node are fed to the <strong>Bitmap Heap Scan</strong>.","CTE SCAN":"performs a sequential scan of <strong>Common Table Expression (CTE) query</strong> results. Note that\n   results of a CTE are materialized (calculated and temporarily stored)."},d.define=e,c.exports}),System.registerDynamic("services/color-service",[],!0,function(a,b,c){var d=this,e=d.define;d.define=void 0;var f=function(){function a(){}return a.prototype.hslToRgb=function(a,b,c){function d(a,b,c){return c<0&&(c+=1),c>1&&(c-=1),c<1/6?a+6*(b-a)*c:c<.5?b:c<2/3?a+(b-a)*(2/3-c)*6:a}var e,f,g;if(0===b)e=f=g=c;else{var h=c<.5?c*(1+b):c+b-c*b,i=2*c-h;e=d(i,h,a+1/3),f=d(i,h,a),g=d(i,h,a-1/3)}return[Math.floor(255*e),Math.floor(255*f),Math.floor(255*g)]},a.prototype.numberToColorHsl=function(a){var b=100*a*1.2/360,c=this.hslToRgb(b,.9,.4);return"rgb("+c[0]+","+c[1]+","+c[2]+")"},a}();return b.ColorService=f,d.define=e,c.exports}),System.registerDynamic("components/plan-node/plan-node",["angular2/core","enums","pipes","services/plan-service","services/syntax-highlight-service","services/help-service","services/color-service"],!0,function(a,b,c){var d=this,e=d.define;d.define=void 0;var f=this&&this.__decorate||function(a,b,c,d){var e,f=arguments.length,g=f<3?b:null===d?d=Object.getOwnPropertyDescriptor(b,c):d;if("object"==typeof Reflect&&"function"==typeof Reflect.decorate)g=Reflect.decorate(a,b,c,d);else for(var h=a.length-1;h>=0;h--)(e=a[h])&&(g=(f<3?e(g):f>3?e(b,c,g):e(b,c))||g);return f>3&&g&&Object.defineProperty(b,c,g),g},g=this&&this.__metadata||function(a,b){if("object"==typeof Reflect&&"function"==typeof Reflect.metadata)return Reflect.metadata(a,b)},h=a("angular2/core"),i=a("enums"),j=a("pipes"),k=a("services/plan-service"),l=a("services/syntax-highlight-service"),m=a("services/help-service"),n=a("services/color-service"),o=function(){function a(a,b,c,d){this._planService=a,this._syntaxHighlightService=b,this._helpService=c,this._colorService=d,this.NORMAL_WIDTH=220,this.COMPACT_WIDTH=140,this.DOT_WIDTH=30,this.EXPANDED_WIDTH=400,this.MIN_ESTIMATE_MISS=100,this.COSTLY_TAG="costliest",this.SLOW_TAG="slowest",this.LARGE_TAG="largest",this.ESTIMATE_TAG="bad estimate",this.estimateDirections=i.EstimateDirection,this.highlightTypes=i.HighlightType,this.viewModes=i.ViewMode}return a.prototype.ngOnInit=function(){this.currentHighlightType=this.viewOptions.highlightType,this.calculateBar(),this.calculateProps(),this.calculateDuration(),this.calculateTags(),this.plannerRowEstimateDirection=this.node[this._planService.PLANNER_ESIMATE_DIRECTION],this.plannerRowEstimateValue=_.round(this.node[this._planService.PLANNER_ESTIMATE_FACTOR])},a.prototype.ngDoCheck=function(){this.currentHighlightType!==this.viewOptions.highlightType&&(this.currentHighlightType=this.viewOptions.highlightType,this.calculateBar()),this.currentCompactView!==this.viewOptions.showCompactView&&(this.currentCompactView=this.viewOptions.showCompactView,this.calculateBar()),this.currentExpandedView!==this.showDetails&&(this.currentExpandedView=this.showDetails,this.calculateBar())},a.prototype.getFormattedQuery=function(){var a=[],b=this.node[this._planService.RELATION_NAME_PROP];b&&(a.push(this.node[this._planService.SCHEMA_PROP]+"."+b),a.push(" "+b),a.push(" "+this.node[this._planService.ALIAS_PROP]+" "));var c=this.node[this._planService.GROUP_KEY_PROP];c&&a.push("GROUP BY "+c.join(","));var d=this.node[this._planService.HASH_CONDITION_PROP];return d&&a.push(d.replace("(","").replace(")","")),"LIMIT"===this.node[this._planService.NODE_TYPE_PROP].toUpperCase()&&a.push("LIMIT"),this._syntaxHighlightService.highlight(this.plan.query,a)},a.prototype.calculateBar=function(){switch(this.viewOptions.viewMode){case i.ViewMode.DOT:this.barContainerWidth=this.DOT_WIDTH;break;case i.ViewMode.COMPACT:this.barContainerWidth=this.COMPACT_WIDTH;break;default:this.barContainerWidth=this.NORMAL_WIDTH}switch(this.currentExpandedView&&(this.barContainerWidth=this.EXPANDED_WIDTH),this.currentHighlightType){case i.HighlightType.DURATION:this.highlightValue=this.node[this._planService.ACTUAL_DURATION_PROP],this.barWidth=Math.round(this.highlightValue/this.plan.planStats.maxDuration*this.barContainerWidth);break;case i.HighlightType.ROWS:this.highlightValue=this.node[this._planService.ACTUAL_ROWS_PROP],this.barWidth=Math.round(this.highlightValue/this.plan.planStats.maxRows*this.barContainerWidth);break;case i.HighlightType.COST:this.highlightValue=this.node[this._planService.ACTUAL_COST_PROP],this.barWidth=Math.round(this.highlightValue/this.plan.planStats.maxCost*this.barContainerWidth)}this.barWidth<1&&(this.barWidth=1),this.backgroundColor=this._colorService.numberToColorHsl(1-this.barWidth/this.barContainerWidth)},a.prototype.calculateDuration=function(){this.executionTimePercent=_.round(this.node[this._planService.ACTUAL_DURATION_PROP]/this.plan.planStats.executionTime*100)},a.prototype.calculateProps=function(){this.props=_.chain(this.node).omit(this._planService.PLANS_PROP).map(function(a,b){return{key:b,value:a}}).value()},a.prototype.calculateTags=function(){this.tags=[],this.node[this._planService.SLOWEST_NODE_PROP]&&this.tags.push(this.SLOW_TAG),this.node[this._planService.COSTLIEST_NODE_PROP]&&this.tags.push(this.COSTLY_TAG),this.node[this._planService.LARGEST_NODE_PROP]&&this.tags.push(this.LARGE_TAG),this.node[this._planService.PLANNER_ESTIMATE_FACTOR]>=this.MIN_ESTIMATE_MISS&&this.tags.push(this.ESTIMATE_TAG)},a.prototype.getNodeTypeDescription=function(){return this._helpService.getNodeTypeDescription(this.node[this._planService.NODE_TYPE_PROP])},a.prototype.getNodeName=function(){return this.viewOptions.viewMode!==i.ViewMode.DOT||this.showDetails?this.node[this._planService.NODE_TYPE_PROP].toUpperCase():this.node[this._planService.NODE_TYPE_PROP].replace(/[^A-Z]/g,"").toUpperCase()},a.prototype.getTagName=function(a){return this.viewOptions.viewMode!==i.ViewMode.DOT||this.showDetails?a:a.charAt(0)},a.prototype.shouldShowPlannerEstimate=function(){return!(!this.viewOptions.showPlannerEstimate||!this.showDetails)||this.viewOptions.viewMode!==i.ViewMode.DOT&&this.viewOptions.showPlannerEstimate},a.prototype.shouldShowNodeBarLabel=function(){return!!this.showDetails||this.viewOptions.viewMode!==i.ViewMode.DOT},a=f([h.Component({selector:"plan-node",inputs:["plan","node","viewOptions"],template:'\n      <div class="plan-node"\n         [class.expanded]="showDetails"\n         [class.compact]="viewOptions.viewMode === viewModes.COMPACT"\n         [class.dot]="viewOptions.viewMode === viewModes.DOT">\n\n         <header (click)="showDetails = !showDetails" tooltip="view node details">\n            <h4>{{getNodeName()}}</h4>\n            <span *ngIf="viewOptions.viewMode === viewModes.FULL || showDetails">\n               <span class="node-duration">{{node[_planService.ACTUAL_DURATION_PROP] | duration}}<span class="text-muted">{{node[_planService.ACTUAL_DURATION_PROP] | durationUnit}}\n                   | </span><strong>{{executionTimePercent}}</strong>\n                  <span class="text-muted">%</span>\n               </span>\n            </span>\n         </header>\n\n         <button *ngIf="plan.query && viewOptions.viewMode === viewModes.FULL" tooltip="view corresponding query"\n            class="btn btn-sm btn-default btn-slim pull-right" (click)="showQuery = !showQuery">\n            <i class="fa fa-database"></i>\n         </button>\n\n         <div *ngIf="viewOptions.viewMode === viewModes.FULL">\n            <div class="relation-name" *ngIf="node[_planService.RELATION_NAME_PROP]">\n               <span class="text-muted">on </span>\n               <span *ngIf="node[_planService.SCHEMA_PROP]">{{node[_planService.SCHEMA_PROP]}}.</span>{{node[_planService.RELATION_NAME_PROP]}}\n               <span *ngIf="node[_planService.ALIAS_PROP]"> ({{node[_planService.ALIAS_PROP]}})</span>\n            </div>\n\n            <div class="relation-name" *ngIf="node[_planService.GROUP_KEY_PROP]">\n               <span class="text-muted">by</span> {{node[_planService.GROUP_KEY_PROP]}}</div>\n            <div class="relation-name" *ngIf="node[_planService.SORT_KEY_PROP]">\n               <span class="text-muted">by</span> {{node[_planService.SORT_KEY_PROP]}}</div>\n            <div class="relation-name" *ngIf="node[_planService.JOIN_TYPE_PROP]">{{node[_planService.JOIN_TYPE_PROP]}}\n               <span class="text-muted">join</span></div>\n            <div class="relation-name" *ngIf="node[_planService.INDEX_NAME_PROP]"><span class="text-muted">\n               using</span> {{node[_planService.INDEX_NAME_PROP]}}</div>\n            <div class="relation-name" *ngIf="node[_planService.HASH_CONDITION_PROP]"><span class="text-muted">\n               on</span> {{node[_planService.HASH_CONDITION_PROP]}}</div>\n            <div class="relation-name" *ngIf="node[_planService.CTE_NAME_PROP]">\n                  <span class="text-muted">CTE</span> {{node[_planService.CTE_NAME_PROP]}}\n            </div>\n         </div>\n\n         <div class="tags" *ngIf="viewOptions.showTags && tags.length > 0">\n            <span *ngFor="#tag of tags">{{getTagName(tag)}}</span>\n         </div>\n\n         <div *ngIf="currentHighlightType !== highlightTypes.NONE">\n            <div class="node-bar-container">\n               <span class="node-bar" [style.width]="barWidth+\'px\'" [style.backgroundColor]="backgroundColor"></span>\n            </div>\n            <span class="node-bar-label" *ngIf="shouldShowNodeBarLabel()">\n               <span class="text-muted">{{viewOptions.highlightType}}:</span> {{highlightValue | number:\'.0-2\'}}\n            </span>\n         </div>\n\n         <div class="planner-estimate" *ngIf="shouldShowPlannerEstimate()">\n            <span *ngIf="plannerRowEstimateDirection === estimateDirections.over"><strong>over</strong> estimated rows</span>\n            <span *ngIf="plannerRowEstimateDirection === estimateDirections.under"><strong>under</strong> estimated rows</span>\n            <span> by <strong>{{plannerRowEstimateValue | number}}</strong>x</span>\n         </div>\n\n         <div *ngIf="showDetails">\n            <div *ngIf="getNodeTypeDescription()" class="node-description">\n               <span class="node-type">{{node[_planService.NODE_TYPE_PROP]}} Node</span> <span [innerHtml]="getNodeTypeDescription()"></span>\n            </div>\n\n            <table class="table prop-list">\n               <tr *ngFor="#prop of props">\n                  <td width="40%">{{prop.key}}</td>\n                  <td>{{prop.value}}</td>\n               <tr>\n            </table>\n            <div class="text-muted pad-top align-right"><em>*Pev calculated value</em></div>\n         </div>\n\n         <div *ngIf="showQuery" class="plan-query-container">\n            <button class="btn btn-close pull-right" (click)="showQuery = false">\n               <i class="fa fa-close"></i>\n            </button>\n            <h3>query</h3>\n            <pre class="plan-query-text"><code [innerHTML]="getFormattedQuery()"></code></pre>\n         </div>\n      </div>\n\n      <ul *ngIf="node.Plans">\n        <li *ngFor="#subNode of node.Plans">\n          <plan-node [plan]="plan" [node]="subNode" [viewOptions]="viewOptions" [planStats]="planStats"></plan-node>\n        </li>\n      </ul>\n    ',directives:[a],providers:[k.PlanService,l.SyntaxHighlightService,m.HelpService,n.ColorService],pipes:[j.DurationPipe,j.DurationUnitPipe]}),g("design:paramtypes",[k.PlanService,l.SyntaxHighlightService,m.HelpService,n.ColorService])],a)}();return b.PlanNode=o,d.define=e,c.exports}),System.registerDynamic("services/syntax-highlight-service",[],!0,function(a,b,c){var d=this,e=d.define;d.define=void 0;var f=function(){function a(){this.OPEN_TAG=" _OPEN_TAG_",this.CLOSE_TAG="_CLOSE_TAG_"}return a.prototype.highlight=function(a,c){var d=this;hljs.registerLanguage("sql",b.LANG_SQL),hljs.configure({tabReplace:"    "});var e=a.toUpperCase().replace(", ",",");return _.each(c,function(a){e=e.replace(a.toUpperCase(),""+d.OPEN_TAG+a+d.CLOSE_TAG)}),e=hljs.highlightAuto(e).value,e=e.replace(new RegExp(this.OPEN_TAG,"g"),"<span class='code-key-item'>"),e=e.replace(new RegExp(this.CLOSE_TAG,"g"),"</span>")},a}();return b.SyntaxHighlightService=f,b.LANG_SQL=function(a){var b=a.COMMENT("--","$");return{case_insensitive:!0,illegal:/[<>{}*]/,contains:[{beginKeywords:"begin end start commit rollback savepoint lock alter create drop rename call delete do handler insert load replace select truncate update set show pragma grant merge describe use explain help declare prepare execute deallocate release unlock purge reset change stop analyze cache flush optimize repair kill install uninstall checksum restore check backup revoke",end:/;/,endsWithParent:!0,keywords:{keyword:"abort abs absolute acc acce accep accept access accessed accessible account acos action activate add addtime admin administer advanced advise aes_decrypt aes_encrypt after agent aggregate ali alia alias allocate allow alter always analyze ancillary and any anydata anydataset anyschema anytype apply archive archived archivelog are as asc ascii asin assembly assertion associate asynchronous at atan atn2 attr attri attrib attribu attribut attribute attributes audit authenticated authentication authid authors auto autoallocate autodblink autoextend automatic availability avg backup badfile basicfile before begin beginning benchmark between bfile bfile_base big bigfile bin binary_double binary_float binlog bit_and bit_count bit_length bit_or bit_xor bitmap blob_base block blocksize body both bound buffer_cache buffer_pool build bulk by byte byteordermark bytes cache caching call calling cancel capacity cascade cascaded case cast catalog category ceil ceiling chain change changed char_base char_length character_length characters characterset charindex charset charsetform charsetid check checksum checksum_agg child choose chr chunk class cleanup clear client clob clob_base clone close cluster_id cluster_probability cluster_set clustering coalesce coercibility col collate collation collect colu colum column column_value columns columns_updated comment commit compact compatibility compiled complete composite_limit compound compress compute concat concat_ws concurrent confirm conn connec connect connect_by_iscycle connect_by_isleaf connect_by_root connect_time connection consider consistent constant constraint constraints constructor container content contents context contributors controlfile conv convert convert_tz corr corr_k corr_s corresponding corruption cos cost count count_big counted covar_pop covar_samp cpu_per_call cpu_per_session crc32 create creation critical cross cube cume_dist curdate current current_date current_time current_timestamp current_user cursor curtime customdatum cycle d data database databases datafile datafiles datalength date_add date_cache date_format date_sub dateadd datediff datefromparts datename datepart datetime2fromparts day day_to_second dayname dayofmonth dayofweek dayofyear days db_role_change dbtimezone ddl deallocate declare decode decompose decrement decrypt deduplicate def defa defau defaul default defaults deferred defi defin define degrees delayed delegate delete delete_all delimited demand dense_rank depth dequeue des_decrypt des_encrypt des_key_file desc descr descri describ describe descriptor deterministic diagnostics difference dimension direct_load directory disable disable_all disallow disassociate discardfile disconnect diskgroup distinct distinctrow distribute distributed div do document domain dotnet double downgrade drop dumpfile duplicate duration e each edition editionable editions element ellipsis else elsif elt empty enable enable_all enclosed encode encoding encrypt end end-exec endian enforced engine engines enqueue enterprise entityescaping eomonth error errors escaped evalname evaluate event eventdata events except exception exceptions exchange exclude excluding execu execut execute exempt exists exit exp expire explain export export_set extended extent external external_1 external_2 externally extract f failed failed_login_attempts failover failure far fast feature_set feature_value fetch field fields file file_name_convert filesystem_like_logging final finish first first_value fixed flash_cache flashback floor flush following follows for forall force form forma format found found_rows freelist freelists freepools fresh from from_base64 from_days ftp full function g general generated get get_format get_lock getdate getutcdate global global_name globally go goto grant grants greatest group group_concat group_id grouping grouping_id groups gtid_subtract guarantee guard handler hash hashkeys having hea head headi headin heading heap help hex hierarchy high high_priority hosts hour http i id ident_current ident_incr ident_seed identified identity idle_time if ifnull ignore iif ilike ilm immediate import in include including increment index indexes indexing indextype indicator indices inet6_aton inet6_ntoa inet_aton inet_ntoa infile initial initialized initially initrans inmemory inner innodb input insert install instance instantiable instr interface interleaved intersect into invalidate invisible is is_free_lock is_ipv4 is_ipv4_compat is_not is_not_null is_used_lock isdate isnull isolation iterate java join json json_exists k keep keep_duplicates key keys kill l language large last last_day last_insert_id last_value lax lcase lead leading least leaves left len lenght length less level levels library like like2 like4 likec limit lines link list listagg little ln load load_file lob lobs local localtime localtimestamp locate locator lock locked log log10 log2 logfile logfiles logging logical logical_reads_per_call logoff logon logs long loop low low_priority lower lpad lrtrim ltrim m main make_set makedate maketime managed management manual map mapping mask master master_pos_wait match matched materialized max maxextents maximize maxinstances maxlen maxlogfiles maxloghistory maxlogmembers maxsize maxtrans md5 measures median medium member memcompress memory merge microsecond mid migration min minextents minimum mining minus minute minvalue missing mod mode model modification modify module monitoring month months mount move movement multiset mutex n name name_const names nan national native natural nav nchar nclob nested never new newline next nextval no no_write_to_binlog noarchivelog noaudit nobadfile nocheck nocompress nocopy nocycle nodelay nodiscardfile noentityescaping noguarantee nokeep nologfile nomapping nomaxvalue nominimize nominvalue nomonitoring none noneditionable nonschema noorder nopr nopro noprom nopromp noprompt norely noresetlogs noreverse normal norowdependencies noschemacheck noswitch not nothing notice notrim novalidate now nowait nth_value nullif nulls num numb numbe nvarchar nvarchar2 object ocicoll ocidate ocidatetime ociduration ociinterval ociloblocator ocinumber ociref ocirefcursor ocirowid ocistring ocitype oct octet_length of off offline offset oid oidindex old on online only opaque open operations operator optimal optimize option optionally or oracle oracle_date oradata ord ordaudio orddicom orddoc order ordimage ordinality ordvideo organization orlany orlvary out outer outfile outline output over overflow overriding p package pad parallel parallel_enable parameters parent parse partial partition partitions pascal passing password password_grace_time password_lock_time password_reuse_max password_reuse_time password_verify_function patch path patindex pctincrease pctthreshold pctused pctversion percent percent_rank percentile_cont percentile_disc performance period period_add period_diff permanent physical pi pipe pipelined pivot pluggable plugin policy position post_transaction pow power pragma prebuilt precedes preceding precision prediction prediction_cost prediction_details prediction_probability prediction_set prepare present preserve prior priority private private_sga privileges procedural procedure procedure_analyze processlist profiles project prompt protection public publishingservername purge quarter query quick quiesce quota quotename radians raise rand range rank raw read reads readsize rebuild record records recover recovery recursive recycle redo reduced ref reference referenced references referencing refresh regexp_like register regr_avgx regr_avgy regr_count regr_intercept regr_r2 regr_slope regr_sxx regr_sxy reject rekey relational relative relaylog release release_lock relies_on relocate rely rem remainder rename repair repeat replace replicate replication required reset resetlogs resize resource respect restore restricted result result_cache resumable resume retention return returning returns reuse reverse revoke right rlike role roles rollback rolling rollup round row row_count rowdependencies rowid rownum rows rtrim rules safe salt sample save savepoint sb1 sb2 sb4 scan schema schemacheck scn scope scroll sdo_georaster sdo_topo_geometry search sec_to_time second section securefile security seed segment select self sequence sequential serializable server servererror session session_user sessions_per_user set sets settings sha sha1 sha2 share shared shared_pool short show shrink shutdown si_averagecolor si_colorhistogram si_featurelist si_positionalcolor si_stillimage si_texture siblings sid sign sin size size_t sizes skip slave sleep smalldatetimefromparts smallfile snapshot some soname sort soundex source space sparse spfile split sql sql_big_result sql_buffer_result sql_cache sql_calc_found_rows sql_small_result sql_variant_property sqlcode sqldata sqlerror sqlname sqlstate sqrt square standalone standby start starting startup statement static statistics stats_binomial_test stats_crosstab stats_ks_test stats_mode stats_mw_test stats_one_way_anova stats_t_test_ stats_t_test_indep stats_t_test_one stats_t_test_paired stats_wsr_test status std stddev stddev_pop stddev_samp stdev stop storage store stored str str_to_date straight_join strcmp strict string struct stuff style subdate subpartition subpartitions substitutable substr substring subtime subtring_index subtype success sum suspend switch switchoffset switchover sync synchronous synonym sys sys_xmlagg sysasm sysaux sysdate sysdatetimeoffset sysdba sysoper system system_user sysutcdatetime t table tables tablespace tan tdo template temporary terminated tertiary_weights test than then thread through tier ties time time_format time_zone timediff timefromparts timeout timestamp timestampadd timestampdiff timezone_abbr timezone_minute timezone_region to to_base64 to_date to_days to_seconds todatetimeoffset trace tracking transaction transactional translate translation treat trigger trigger_nestlevel triggers trim truncate try_cast try_convert try_parse type ub1 ub2 ub4 ucase unarchived unbounded uncompress under undo unhex unicode uniform uninstall union unique unix_timestamp unknown unlimited unlock unpivot unrecoverable unsafe unsigned until untrusted unusable unused update updated upgrade upped upper upsert url urowid usable usage use use_stored_outlines user user_data user_resources users using utc_date utc_timestamp uuid uuid_short validate validate_password_strength validation valist value values var var_samp varcharc vari varia variab variabl variable variables variance varp varraw varrawc varray verify version versions view virtual visible void wait wallet warning warnings week weekday weekofyear wellformed when whene whenev wheneve whenever where while whitespace with within without work wrapped xdb xml xmlagg xmlattributes xmlcast xmlcolattval xmlelement xmlexists xmlforest xmlindex xmlnamespaces xmlpi xmlquery xmlroot xmlschema xmlserialize xmltable xmltype xor year year_to_month years yearweek",literal:"true false null",built_in:"array bigint binary bit blob boolean char character date dec decimal float int int8 integer interval number numeric real record serial serial8 smallint text varchar varying void"},contains:[{className:"string",begin:"'",end:"'",contains:[a.BACKSLASH_ESCAPE,{begin:"''"}]},{className:"string",begin:'"',end:'"',contains:[a.BACKSLASH_ESCAPE,{begin:'""'}]},{className:"string",begin:"`",end:"`",contains:[a.BACKSLASH_ESCAPE]},a.C_NUMBER_MODE,a.C_BLOCK_COMMENT_MODE,b]},a.C_BLOCK_COMMENT_MODE,b]}},d.define=e,c.exports}),System.registerDynamic("components/plan-view/plan-view",["angular2/core","angular2/router","enums","components/plan-node/plan-node","services/plan-service","services/syntax-highlight-service","pipes"],!0,function(a,b,c){var d=this,e=d.define;d.define=void 0;var f=this&&this.__decorate||function(a,b,c,d){var e,f=arguments.length,g=f<3?b:null===d?d=Object.getOwnPropertyDescriptor(b,c):d;if("object"==typeof Reflect&&"function"==typeof Reflect.decorate)g=Reflect.decorate(a,b,c,d);else for(var h=a.length-1;h>=0;h--)(e=a[h])&&(g=(f<3?e(g):f>3?e(b,c,g):e(b,c))||g);return f>3&&g&&Object.defineProperty(b,c,g),g},g=this&&this.__metadata||function(a,b){if("object"==typeof Reflect&&"function"==typeof Reflect.metadata)return Reflect.metadata(a,b)},h=a("angular2/core"),i=a("angular2/router"),j=a("enums"),k=a("components/plan-node/plan-node"),l=a("services/plan-service"),m=a("services/syntax-highlight-service"),n=a("pipes"),o=function(){function a(a,b){this._planService=a,this.hideMenu=!0,this.viewOptions={showPlanStats:!0,showHighlightBar:!0,showPlannerEstimate:!1,showTags:!0,highlightType:j.HighlightType.NONE,viewMode:j.ViewMode.FULL},this.showPlannerEstimate=!0,this.showMenu=!1,this.highlightTypes=j.HighlightType,this.viewModes=j.ViewMode,this.id=b.get("id")}return a.prototype.getPlan=function(){this.id&&(this.plan=this._planService.getPlan(this.id),this.rootContainer=this.plan.content,this.plan.planStats={executionTime:this.rootContainer["Execution Time"]||this.rootContainer["Total Runtime"],planningTime:this.rootContainer["Planning Time"]||0,maxRows:this.rootContainer[this._planService.MAXIMUM_ROWS_PROP]||0,maxCost:this.rootContainer[this._planService.MAXIMUM_COSTS_PROP]||0,maxDuration:this.rootContainer[this._planService.MAXIMUM_DURATION_PROP]||0})},a.prototype.ngOnInit=function(){this.getPlan()},a.prototype.toggleHighlight=function(a){this.viewOptions.highlightType=a},a.prototype.analyzePlan=function(){this._planService.analyzePlan(this.plan)},a=f([h.Component({selector:"plan-view",template:'\n      <div class="menu" [class.menu-hidden]="hideMenu">\n         <header>\n            <i class="fa fa-cogs menu-toggle" (click)="hideMenu = !hideMenu"></i>\n            <h3>display options</h3>\n         </header>\n\n         <ul>\n            <li>\n               <input id="showPlanStats" type="checkbox" [(ngModel)]="viewOptions.showPlanStats">\n               <label class="clickable" for="showPlanStats"> show plan stats</label>\n            </li>\n            <li>\n               <input id="showPlannerEstimate" type="checkbox" [(ngModel)]="viewOptions.showPlannerEstimate">\n               <label class="clickable" for="showPlannerEstimate"> show planner estimate</label>\n            </li>\n            <li>\n               <input id="showTags" type="checkbox" [(ngModel)]="viewOptions.showTags">\n               <label class="clickable" for="showTags"> show analysis tags</label>\n            </li>\n            <li>\n               <label>view mode: </label>\n               <div class="button-group">\n                  <button [class.selected]="viewOptions.viewMode == viewModes.FULL" (click)="viewOptions.viewMode = viewModes.FULL">full</button>\n                  <button [class.selected]="viewOptions.viewMode == viewModes.COMPACT" (click)="viewOptions.viewMode = viewModes.COMPACT">compact</button>\n                  <button [class.selected]="viewOptions.viewMode == viewModes.DOT" (click)="viewOptions.viewMode = viewModes.DOT">dot</button>\n               </div>\n            </li>\n\n            <li>\n               <label>graph metric: </label>\n               <div class="button-group">\n                  <button [class.selected]="viewOptions.highlightType === highlightTypes.NONE" (click)="viewOptions.highlightType = highlightTypes.NONE">none</button>\n                  <button [class.selected]="viewOptions.highlightType === highlightTypes.DURATION" (click)="viewOptions.highlightType = highlightTypes.DURATION">duration</button>\n                  <button [class.selected]="viewOptions.highlightType === highlightTypes.ROWS" (click)="viewOptions.highlightType = highlightTypes.ROWS">rows</button>\n                  <button [class.selected]="viewOptions.highlightType === highlightTypes.COST" (click)="viewOptions.highlightType = highlightTypes.COST">cost</button>\n               </div>\n            </li>\n         </ul>\n      </div>\n\n      <div class="page page-stretch">\n         <h2><span *ngIf="!editName">{{plan.name}}</span>\n            <input *ngIf="editName" class="input-box input-box-main" type="text" [(ngModel)]="plan.name">\n            <button class="btn btn-link btn-lg" (click) = "editName = !editName">\n               <i class="fa fa-pencil"></i>\n            </button>\n         </h2>\n\n         <div *ngIf="viewOptions.showPlanStats" class="plan-stats">\n            <div>\n               <span class="stat-value">{{plan.planStats.executionTime | duration}}</span>\n               <span class="stat-label">execution time ({{plan.planStats.executionTime | durationUnit}})</span>\n            </div>\n            <div *ngIf="plan.planStats.planningTime">\n               <span class="stat-value">{{plan.planStats.planningTime | number:\'.0-2\'}}</span>\n               <span class="stat-label">planning time (ms)</span>\n            </div>\n            <div *ngIf="plan.planStats.maxDuration">\n               <span class="stat-value">{{plan.planStats.maxDuration | duration}}</span>\n               <span class="stat-label">slowest node ({{plan.planStats.maxDuration | durationUnit}})</span>\n            </div>\n            <div *ngIf="plan.planStats.maxRows">\n               <span class="stat-value">{{plan.planStats.maxRows | number:\'.0-2\'}}</span>\n               <span class="stat-label">largest node (rows)</span>\n            </div>\n            <div *ngIf="plan.planStats.maxCost">\n               <span class="stat-value">{{plan.planStats.maxCost | number:\'.0-2\'}}</span>\n               <span class="stat-label">costliest node</span>\n            </div>\n            <div class="btn-close" (click)="viewOptions.showPlanStats = false"><i class="fa fa-close"></i></div>\n         </div>\n\n         <div class="plan">\n            <ul>\n               <li>\n                  <plan-node [plan]="plan" [node]="rootContainer.Plan" [viewOptions]="viewOptions"></plan-node>\n               </li>\n            </ul>\n         </div>\n      </div>\n    ',
directives:[i.ROUTER_DIRECTIVES,k.PlanNode],providers:[l.PlanService,m.SyntaxHighlightService],pipes:[n.DurationPipe,n.DurationUnitPipe]}),g("design:paramtypes",[l.PlanService,i.RouteParams])],a)}();return b.PlanView=o,d.define=e,c.exports}),System.registerDynamic("pipes",["angular2/core"],!0,function(a,b,c){var d=this,e=d.define;d.define=void 0;var f=this&&this.__decorate||function(a,b,c,d){var e,f=arguments.length,g=f<3?b:null===d?d=Object.getOwnPropertyDescriptor(b,c):d;if("object"==typeof Reflect&&"function"==typeof Reflect.decorate)g=Reflect.decorate(a,b,c,d);else for(var h=a.length-1;h>=0;h--)(e=a[h])&&(g=(f<3?e(g):f>3?e(b,c,g):e(b,c))||g);return f>3&&g&&Object.defineProperty(b,c,g),g},g=this&&this.__metadata||function(a,b){if("object"==typeof Reflect&&"function"==typeof Reflect.metadata)return Reflect.metadata(a,b)},h=a("angular2/core"),i=function(){function a(){}return a.prototype.transform=function(a,b){return moment(a).format("LLL")},a=f([h.Pipe({name:"momentDate"}),g("design:paramtypes",[])],a)}();b.MomentDatePipe=i;var j=function(){function a(){}return a.prototype.transform=function(a){var b="";return a<1?b="<1":a>1&&a<1e3?b=_.round(a,2).toString():a>=1e3&&a<6e4?b=_.round(a/1e3,2).toString():a>=6e4&&(b=_.round(a/6e4,2).toString()),b},a=f([h.Pipe({name:"duration"}),g("design:paramtypes",[])],a)}();b.DurationPipe=j;var k=function(){function a(){}return a.prototype.transform=function(a){var b="";return a<1?b="ms":a>1&&a<1e3?b="ms":a>=1e3&&a<6e4?b="s":a>=6e4&&(b="min"),b},a=f([h.Pipe({name:"durationUnit"}),g("design:paramtypes",[])],a)}();return b.DurationUnitPipe=k,d.define=e,c.exports}),System.registerDynamic("components/plan-list/plan-list",["angular2/core","angular2/router","services/plan-service","components/plan-new/plan-new","pipes"],!0,function(a,b,c){var d=this,e=d.define;d.define=void 0;var f=this&&this.__decorate||function(a,b,c,d){var e,f=arguments.length,g=f<3?b:null===d?d=Object.getOwnPropertyDescriptor(b,c):d;if("object"==typeof Reflect&&"function"==typeof Reflect.decorate)g=Reflect.decorate(a,b,c,d);else for(var h=a.length-1;h>=0;h--)(e=a[h])&&(g=(f<3?e(g):f>3?e(b,c,g):e(b,c))||g);return f>3&&g&&Object.defineProperty(b,c,g),g},g=this&&this.__metadata||function(a,b){if("object"==typeof Reflect&&"function"==typeof Reflect.metadata)return Reflect.metadata(a,b)},h=a("angular2/core"),i=a("angular2/router"),j=a("services/plan-service"),k=a("components/plan-new/plan-new"),l=a("pipes"),m=function(){function a(a){this._planService=a,this.openDialog=!1}return a.prototype.ngOnInit=function(){this.plans=this._planService.getPlans()},a.prototype.requestDelete=function(a){this.openDialog=!0,this.planToDelete=a},a.prototype.deletePlan=function(a){this.openDialog=!1,console.log(this.planToDelete),this._planService.deletePlan(this.planToDelete),this.plans=this._planService.getPlans()},a.prototype.cancelDelete=function(){this.openDialog=!1},a.prototype.deleteAllPlans=function(){this._planService.deleteAllPlans()},a=f([h.Component({selector:"plan-list",template:'\n      <div class="page">\n         <div class="hero-container" *ngIf="plans.length === 0">\n            Welcome to PEV! Please <a [routerLink]="[\'/PlanNew\']">submit</a> a plan for visualization\n         </div>\n\n        <table class="table pad-bottom">\n          <tr *ngFor="#plan of plans">\n            <!-- this is a hack that should be converted to a proper dialog once that is available in angular 2-->\n            <div *ngIf="openDialog">\n                <div class="modal-backdrop"></div>\n                <div class="modal">\n                   <div class="modal-dialog">\n                      <div class="modal-content">\n                        <div class="modal-body">You\'re about to delete plan "{{planToDelete.name}}". Are you sure?</div>\n                        <div class="modal-footer">\n                           <button class="btn btn-primary" (click)="deletePlan()">Yes</button>\n                           <button class="btn btn-default" (click)="cancelDelete()">No</button>\n                        </div>\n                    </div>\n                   </div>\n                </div>\n            </div>\n\n            <td width="30%"><a [routerLink]="[\'/PlanView\', {id: plan.id}]">{{plan.name}}</a></td>\n            <td>created on {{plan.createdOn | momentDate }}</td>\n            <td class="align-right"><button class="btn btn-danger" (click)="requestDelete(plan)">\n              <i class="fa fa-trash"></i>delete</button>\n           </td>\n          </tr>\n        </table>\n      </div>\n    ',providers:[j.PlanService],directives:[i.ROUTER_DIRECTIVES,k.PlanNew],pipes:[l.MomentDatePipe]}),g("design:paramtypes",[j.PlanService])],a)}();return b.PlanList=m,d.define=e,c.exports}),System.registerDynamic("enums",[],!0,function(a,b,c){var d=this,e=d.define;d.define=void 0;var f=function(){function a(){}return a.NONE="none",a.DURATION="duration",a.ROWS="rows",a.COST="cost",a}();b.HighlightType=f,function(a){a[a.over=0]="over",a[a.under=1]="under"}(b.EstimateDirection||(b.EstimateDirection={}));var g=(b.EstimateDirection,function(){function a(){}return a.FULL="full",a.COMPACT="compact",a.DOT="dot",a}());return b.ViewMode=g,d.define=e,c.exports}),System.registerDynamic("services/plan-service",["enums"],!0,function(a,b,c){var d=this,e=d.define;d.define=void 0;var f=a("enums"),g=function(){function a(){this.NODE_TYPE_PROP="Node Type",this.ACTUAL_ROWS_PROP="Actual Rows",this.PLAN_ROWS_PROP="Plan Rows",this.ACTUAL_TOTAL_TIME_PROP="Actual Total Time",this.ACTUAL_LOOPS_PROP="Actual Loops",this.TOTAL_COST_PROP="Total Cost",this.PLANS_PROP="Plans",this.RELATION_NAME_PROP="Relation Name",this.SCHEMA_PROP="Schema",this.ALIAS_PROP="Alias",this.GROUP_KEY_PROP="Group Key",this.SORT_KEY_PROP="Sort Key",this.JOIN_TYPE_PROP="Join Type",this.INDEX_NAME_PROP="Index Name",this.HASH_CONDITION_PROP="Hash Cond",this.COMPUTED_TAGS_PROP="*Tags",this.COSTLIEST_NODE_PROP="*Costiest Node (by cost)",this.LARGEST_NODE_PROP="*Largest Node (by rows)",this.SLOWEST_NODE_PROP="*Slowest Node (by duration)",this.MAXIMUM_COSTS_PROP="*Most Expensive Node (cost)",this.MAXIMUM_ROWS_PROP="*Largest Node (rows)",this.MAXIMUM_DURATION_PROP="*Slowest Node (time)",this.ACTUAL_DURATION_PROP="*Actual Duration",this.ACTUAL_COST_PROP="*Actual Cost",this.PLANNER_ESTIMATE_FACTOR="*Planner Row Estimate Factor",this.PLANNER_ESIMATE_DIRECTION="*Planner Row Estimate Direction",this.CTE_SCAN_PROP="CTE Scan",this.CTE_NAME_PROP="CTE Name",this.ARRAY_INDEX_KEY="arrayIndex",this.PEV_PLAN_TAG="plan_",this._maxRows=0,this._maxCost=0,this._maxDuration=0}return a.prototype.getPlans=function(){var a=[];for(var b in localStorage)_.startsWith(b,this.PEV_PLAN_TAG)&&a.push(JSON.parse(localStorage[b]));return _.chain(a).sortBy("createdOn").reverse().value()},a.prototype.getPlan=function(a){return JSON.parse(localStorage.getItem(a))},a.prototype.createPlan=function(a,b,c){var d={id:this.PEV_PLAN_TAG+(new Date).getTime().toString(),name:a||"plan created on "+moment().format("LLL"),createdOn:new Date,content:JSON.parse(b)[0],query:c};return this.analyzePlan(d),d},a.prototype.isJsonString=function(a){try{JSON.parse(a)}catch(a){return!1}return!0},a.prototype.analyzePlan=function(a){this.processNode(a.content.Plan),a.content[this.MAXIMUM_ROWS_PROP]=this._maxRows,a.content[this.MAXIMUM_COSTS_PROP]=this._maxCost,a.content[this.MAXIMUM_DURATION_PROP]=this._maxDuration,this.findOutlierNodes(a.content.Plan),localStorage.setItem(a.id,JSON.stringify(a))},a.prototype.deletePlan=function(a){localStorage.removeItem(a.id)},a.prototype.deleteAllPlans=function(){localStorage.clear()},a.prototype.processNode=function(a){var b=this;this.calculatePlannerEstimate(a),this.calculateActuals(a),_.each(a,function(c,d){b.calculateMaximums(a,d,c),d===b.PLANS_PROP&&_.each(c,function(a){b.processNode(a)})})},a.prototype.calculateMaximums=function(a,b,c){b===this.ACTUAL_ROWS_PROP&&this._maxRows<c&&(this._maxRows=c),b===this.ACTUAL_COST_PROP&&this._maxCost<c&&(this._maxCost=c),b===this.ACTUAL_DURATION_PROP&&this._maxDuration<c&&(this._maxDuration=c)},a.prototype.findOutlierNodes=function(a){var b=this;a[this.SLOWEST_NODE_PROP]=!1,a[this.LARGEST_NODE_PROP]=!1,a[this.COSTLIEST_NODE_PROP]=!1,a[this.ACTUAL_COST_PROP]===this._maxCost&&(a[this.COSTLIEST_NODE_PROP]=!0),a[this.ACTUAL_ROWS_PROP]===this._maxRows&&(a[this.LARGEST_NODE_PROP]=!0),a[this.ACTUAL_DURATION_PROP]===this._maxDuration&&(a[this.SLOWEST_NODE_PROP]=!0),_.each(a,function(a,c){c===b.PLANS_PROP&&_.each(a,function(a){b.findOutlierNodes(a)})})},a.prototype.calculateActuals=function(a){var b=this;a[this.ACTUAL_DURATION_PROP]=a[this.ACTUAL_TOTAL_TIME_PROP],a[this.ACTUAL_COST_PROP]=a[this.TOTAL_COST_PROP],console.log(a),_.each(a.Plans,function(c){console.log("processing chldren",c),c[b.NODE_TYPE_PROP]!==b.CTE_SCAN_PROP&&(a[b.ACTUAL_DURATION_PROP]=a[b.ACTUAL_DURATION_PROP]-c[b.ACTUAL_TOTAL_TIME_PROP],a[b.ACTUAL_COST_PROP]=a[b.ACTUAL_COST_PROP]-c[b.TOTAL_COST_PROP])}),a[this.ACTUAL_COST_PROP]<0&&(a[this.ACTUAL_COST_PROP]=0),a[this.ACTUAL_DURATION_PROP]=a[this.ACTUAL_DURATION_PROP]*a[this.ACTUAL_LOOPS_PROP]},a.prototype.calculatePlannerEstimate=function(a){a[this.PLANNER_ESTIMATE_FACTOR]=a[this.ACTUAL_ROWS_PROP]/a[this.PLAN_ROWS_PROP],a[this.PLANNER_ESIMATE_DIRECTION]=f.EstimateDirection.under,a[this.PLANNER_ESTIMATE_FACTOR]<1&&(a[this.PLANNER_ESIMATE_DIRECTION]=f.EstimateDirection.over,a[this.PLANNER_ESTIMATE_FACTOR]=a[this.PLAN_ROWS_PROP]/a[this.ACTUAL_ROWS_PROP])},a}();return b.PlanService=g,d.define=e,c.exports}),System.registerDynamic("components/plan-new/plan-new",["angular2/core","angular2/router","services/plan-service"],!0,function(a,b,c){var d=this,e=d.define;d.define=void 0;var f=this&&this.__decorate||function(a,b,c,d){var e,f=arguments.length,g=f<3?b:null===d?d=Object.getOwnPropertyDescriptor(b,c):d;if("object"==typeof Reflect&&"function"==typeof Reflect.decorate)g=Reflect.decorate(a,b,c,d);else for(var h=a.length-1;h>=0;h--)(e=a[h])&&(g=(f<3?e(g):f>3?e(b,c,g):e(b,c))||g);return f>3&&g&&Object.defineProperty(b,c,g),g},g=this&&this.__metadata||function(a,b){if("object"==typeof Reflect&&"function"==typeof Reflect.metadata)return Reflect.metadata(a,b)},h=a("angular2/core"),i=a("angular2/router"),j=a("services/plan-service"),k=function(){function a(a,b){this._router=a,this._planService=b}return a.prototype.submitPlan=function(){return this.newPlanContent=this.newPlanContent.replace("QUERY PLAN",""),this._planService.isJsonString(this.newPlanContent)?(this.newPlan=this._planService.createPlan(this.newPlanName,this.newPlanContent,this.newPlanQuery),void this._router.navigate(["PlanView",{id:this.newPlan.id}])):void(this.validationMessage="The string you submitted is not valid JSON")},a.prototype.prefill=function(){this.newPlanName="Sample plan",this.newPlanContent=b.SAMPLE_JSON,this.newPlanQuery=b.SAMPLE_QUERY},a=f([h.Component({selector:"plan-new",template:'\n      <div class="page">\n         <button class="pull-right btn btn-link" (click)="prefill()">create a sample plan</button>\n\n         <span class="text-muted">For best results, use <code>EXPLAIN (ANALYZE, COSTS, VERBOSE, BUFFERS, FORMAT JSON)</code><br>\n            Psql users can export the plan to a file using <code>psql -qAt -f explain.sql > analyze.json</code></span>\n         <p class="pad-top">DISCLAIMER: Pev stores your plans locally (localStorage) and will not send them anywhere.</p>\n        <div>\n          <input placeholder="name (optional)" class="input-box input-box-main" type="text" [(ngModel)]="newPlanName">\n          <button class="btn btn-default btn-lg pad-top pull-right" (click)="submitPlan()">submit</button>\n        </div>\n\n        <p *ngIf="validationMessage" class="error-message">{{validationMessage}}</p>\n        <textarea placeholder="paste execution plan" class="input-box input-box-lg code" [(ngModel)]="newPlanContent"></textarea>\n        <textarea placeholder="paste corresponding SQL query" class="input-box input-box-lg code" [(ngModel)]="newPlanQuery"></textarea>\n      </div>\n    ',providers:[j.PlanService],directives:[i.ROUTER_DIRECTIVES]}),g("design:paramtypes",[i.Router,j.PlanService])],a)}();return b.PlanNew=k,b.SAMPLE_JSON='[\n  {\n    "Plan": {\n      "Node Type": "Limit",\n      "Startup Cost": 17024.84,\n      "Total Cost": 17024.87,\n      "Plan Rows": 10,\n      "Plan Width": 133,\n      "Actual Startup Time": 725.773,\n      "Actual Total Time": 725.775,\n      "Actual Rows": 10,\n      "Actual Loops": 1,\n      "Output": ["c.state", "cat.categoryname", "(sum(o.netamount))", "(sum(o.totalamount))"],\n      "Shared Hit Blocks": 23,\n      "Shared Read Blocks": 1392,\n      "Shared Dirtied Blocks": 0,\n      "Shared Written Blocks": 0,\n      "Local Hit Blocks": 0,\n      "Local Read Blocks": 0,\n      "Local Dirtied Blocks": 0,\n      "Local Written Blocks": 0,\n      "Temp Read Blocks": 0,\n      "Temp Written Blocks": 0,\n      "I/O Read Time": 0.000,\n      "I/O Write Time": 0.000,\n      "Plans": [\n        {\n          "Node Type": "Sort",\n          "Parent Relationship": "Outer",\n          "Startup Cost": 17024.84,\n          "Total Cost": 17026.88,\n          "Plan Rows": 816,\n          "Plan Width": 133,\n          "Actual Startup Time": 725.771,\n          "Actual Total Time": 725.772,\n          "Actual Rows": 11,\n          "Actual Loops": 1,\n          "Output": ["c.state", "cat.categoryname", "(sum(o.netamount))", "(sum(o.totalamount))"],\n          "Sort Key": ["c.state", "(sum(o.totalamount))"],\n          "Sort Method": "top-N heapsort",\n          "Sort Space Used": 25,\n          "Sort Space Type": "Memory",\n          "Shared Hit Blocks": 23,\n          "Shared Read Blocks": 1392,\n          "Shared Dirtied Blocks": 0,\n          "Shared Written Blocks": 0,\n          "Local Hit Blocks": 0,\n          "Local Read Blocks": 0,\n          "Local Dirtied Blocks": 0,\n          "Local Written Blocks": 0,\n          "Temp Read Blocks": 0,\n          "Temp Written Blocks": 0,\n          "I/O Read Time": 0.000,\n          "I/O Write Time": 0.000,\n          "Plans": [\n            {\n              "Node Type": "Aggregate",\n              "Strategy": "Hashed",\n              "Parent Relationship": "Outer",\n              "Startup Cost": 16994.41,\n              "Total Cost": 17006.65,\n              "Plan Rows": 816,\n              "Plan Width": 133,\n              "Actual Startup Time": 723.877,\n              "Actual Total Time": 724.417,\n              "Actual Rows": 832,\n              "Actual Loops": 1,\n              "Output": ["c.state", "cat.categoryname", "sum(o.netamount)", "sum(o.totalamount)"],\n              "Group Key": ["c.state", "cat.categoryname"],\n              "Shared Hit Blocks": 13,\n              "Shared Read Blocks": 1392,\n              "Shared Dirtied Blocks": 0,\n              "Shared Written Blocks": 0,\n              "Local Hit Blocks": 0,\n              "Local Read Blocks": 0,\n              "Local Dirtied Blocks": 0,\n              "Local Written Blocks": 0,\n              "Temp Read Blocks": 0,\n              "Temp Written Blocks": 0,\n              "I/O Read Time": 0.000,\n              "I/O Write Time": 0.000,\n              "Plans": [\n                {\n                  "Node Type": "Hash Join",\n                  "Parent Relationship": "Outer",\n                  "Join Type": "Inner",\n                  "Startup Cost": 4966.48,\n                  "Total Cost": 13742.65,\n                  "Plan Rows": 325176,\n                  "Plan Width": 133,\n                  "Actual Startup Time": 118.314,\n                  "Actual Total Time": 354.285,\n                  "Actual Rows": 383270,\n                  "Actual Loops": 1,\n                  "Output": ["c.state", "o.netamount", "o.totalamount", "cat.categoryname"],\n                  "Hash Cond": "(o.orderid = ch.orderid)",\n                  "Shared Hit Blocks": 13,\n                  "Shared Read Blocks": 1392,\n                  "Shared Dirtied Blocks": 0,\n                  "Shared Written Blocks": 0,\n                  "Local Hit Blocks": 0,\n                  "Local Read Blocks": 0,\n                  "Local Dirtied Blocks": 0,\n                  "Local Written Blocks": 0,\n                  "Temp Read Blocks": 0,\n                  "Temp Written Blocks": 0,\n                  "I/O Read Time": 0.000,\n                  "I/O Write Time": 0.000,\n                  "Plans": [\n                    {\n                      "Node Type": "Hash Join",\n                      "Parent Relationship": "Outer",\n                      "Join Type": "Inner",\n                      "Startup Cost": 834.86,\n                      "Total Cost": 4539.11,\n                      "Plan Rows": 60350,\n                      "Plan Width": 138,\n                      "Actual Startup Time": 22.651,\n                      "Actual Total Time": 133.484,\n                      "Actual Rows": 60350,\n                      "Actual Loops": 1,\n                      "Output": ["o.netamount", "o.totalamount", "o.orderid", "ol.orderid", "cat.categoryname"],\n                      "Hash Cond": "(ol.orderid = o.orderid)",\n                      "Shared Hit Blocks": 9,\n                      "Shared Read Blocks": 581,\n                      "Shared Dirtied Blocks": 0,\n                      "Shared Written Blocks": 0,\n                      "Local Hit Blocks": 0,\n                      "Local Read Blocks": 0,\n                      "Local Dirtied Blocks": 0,\n                      "Local Written Blocks": 0,\n                      "Temp Read Blocks": 0,\n                      "Temp Written Blocks": 0,\n                      "I/O Read Time": 0.000,\n                      "I/O Write Time": 0.000,\n                      "Plans": [\n                        {\n                          "Node Type": "Hash Join",\n                          "Parent Relationship": "Outer",\n                          "Join Type": "Inner",\n                          "Startup Cost": 464.86,\n                          "Total Cost": 2962.11,\n                          "Plan Rows": 60350,\n                          "Plan Width": 122,\n                          "Actual Startup Time": 12.467,\n                          "Actual Total Time": 85.647,\n                          "Actual Rows": 60350,\n                          "Actual Loops": 1,\n                          "Output": ["ol.orderid", "cat.categoryname"],\n                          "Hash Cond": "(ol.prod_id = p.prod_id)",\n                          "Shared Hit Blocks": 4,\n                          "Shared Read Blocks": 483,\n                          "Shared Dirtied Blocks": 0,\n                          "Shared Written Blocks": 0,\n                          "Local Hit Blocks": 0,\n                          "Local Read Blocks": 0,\n                          "Local Dirtied Blocks": 0,\n                          "Local Written Blocks": 0,\n                          "Temp Read Blocks": 0,\n                          "Temp Written Blocks": 0,\n                          "I/O Read Time": 0.000,\n                          "I/O Write Time": 0.000,\n                          "Plans": [\n                            {\n                              "Node Type": "Seq Scan",\n                              "Parent Relationship": "Outer",\n                              "Relation Name": "orderlines",\n                              "Schema": "public",\n                              "Alias": "ol",\n                              "Startup Cost": 0.00,\n                              "Total Cost": 988.50,\n                              "Plan Rows": 60350,\n                              "Plan Width": 8,\n                              "Actual Startup Time": 0.005,\n                              "Actual Total Time": 14.054,\n                              "Actual Rows": 60350,\n                              "Actual Loops": 1,\n                              "Output": ["ol.orderlineid", "ol.orderid", "ol.prod_id", "ol.quantity", "ol.orderdate"],\n                              "Shared Hit Blocks": 2,\n                              "Shared Read Blocks": 383,\n                              "Shared Dirtied Blocks": 0,\n                              "Shared Written Blocks": 0,\n                              "Local Hit Blocks": 0,\n                              "Local Read Blocks": 0,\n                              "Local Dirtied Blocks": 0,\n                              "Local Written Blocks": 0,\n                              "Temp Read Blocks": 0,\n                              "Temp Written Blocks": 0,\n                              "I/O Read Time": 0.000,\n                              "I/O Write Time": 0.000\n                            },\n                            {\n                              "Node Type": "Hash",\n                              "Parent Relationship": "Inner",\n                              "Startup Cost": 339.86,\n                              "Total Cost": 339.86,\n                              "Plan Rows": 10000,\n                              "Plan Width": 122,\n                              "Actual Startup Time": 12.446,\n                              "Actual Total Time": 12.446,\n                              "Actual Rows": 10000,\n                              "Actual Loops": 1,\n                              "Output": ["p.prod_id", "cat.categoryname"],\n                              "Hash Buckets": 1024,\n                              "Hash Batches": 1,\n                              "Original Hash Batches": 1,\n                              "Peak Memory Usage": 425,\n                              "Shared Hit Blocks": 2,\n                              "Shared Read Blocks": 100,\n                              "Shared Dirtied Blocks": 0,\n                              "Shared Written Blocks": 0,\n                              "Local Hit Blocks": 0,\n                              "Local Read Blocks": 0,\n                              "Local Dirtied Blocks": 0,\n                              "Local Written Blocks": 0,\n                              "Temp Read Blocks": 0,\n                              "Temp Written Blocks": 0,\n                              "I/O Read Time": 0.000,\n                              "I/O Write Time": 0.000,\n                              "Plans": [\n                                {\n                                  "Node Type": "Hash Join",\n                                  "Parent Relationship": "Outer",\n                                  "Join Type": "Inner",\n                                  "Startup Cost": 1.36,\n                                  "Total Cost": 339.86,\n                                  "Plan Rows": 10000,\n                                  "Plan Width": 122,\n                                  "Actual Startup Time": 0.283,\n                                  "Actual Total Time": 9.015,\n                                  "Actual Rows": 10000,\n                                  "Actual Loops": 1,\n                                  "Output": ["p.prod_id", "cat.categoryname"],\n                                  "Hash Cond": "(p.category = cat.category)",\n                                  "Shared Hit Blocks": 2,\n                                  "Shared Read Blocks": 100,\n                                  "Shared Dirtied Blocks": 0,\n                                  "Shared Written Blocks": 0,\n                                  "Local Hit Blocks": 0,\n                                  "Local Read Blocks": 0,\n                                  "Local Dirtied Blocks": 0,\n                                  "Local Written Blocks": 0,\n                                  "Temp Read Blocks": 0,\n                                  "Temp Written Blocks": 0,\n                                  "I/O Read Time": 0.000,\n                                  "I/O Write Time": 0.000,\n                                  "Plans": [\n                                    {\n                                      "Node Type": "Seq Scan",\n                                      "Parent Relationship": "Outer",\n                                      "Relation Name": "products",\n                                      "Schema": "public",\n                                      "Alias": "p",\n                                      "Startup Cost": 0.00,\n                                      "Total Cost": 201.00,\n                                      "Plan Rows": 10000,\n                                      "Plan Width": 8,\n                                      "Actual Startup Time": 0.003,\n                                      "Actual Total Time": 4.330,\n                                      "Actual Rows": 10000,\n                                      "Actual Loops": 1,\n                                      "Output": ["p.prod_id", "p.category", "p.title", "p.actor", "p.price", "p.special", "p.common_prod_id"],\n                                      "Shared Hit Blocks": 2,\n                                      "Shared Read Blocks": 99,\n                                      "Shared Dirtied Blocks": 0,\n                                      "Shared Written Blocks": 0,\n                                      "Local Hit Blocks": 0,\n                                      "Local Read Blocks": 0,\n                                      "Local Dirtied Blocks": 0,\n                                      "Local Written Blocks": 0,\n                                      "Temp Read Blocks": 0,\n                                      "Temp Written Blocks": 0,\n                                      "I/O Read Time": 0.000,\n                                      "I/O Write Time": 0.000\n                                    },\n                                    {\n                                      "Node Type": "Hash",\n                                      "Parent Relationship": "Inner",\n                                      "Startup Cost": 1.16,\n                                      "Total Cost": 1.16,\n                                      "Plan Rows": 16,\n                                      "Plan Width": 122,\n                                      "Actual Startup Time": 0.265,\n                                      "Actual Total Time": 0.265,\n                                      "Actual Rows": 16,\n                                      "Actual Loops": 1,\n                                      "Output": ["cat.categoryname", "cat.category"],\n                                      "Hash Buckets": 1024,\n                                      "Hash Batches": 1,\n                                      "Original Hash Batches": 1,\n                                      "Peak Memory Usage": 1,\n                                      "Shared Hit Blocks": 0,\n                                      "Shared Read Blocks": 1,\n                                      "Shared Dirtied Blocks": 0,\n                                      "Shared Written Blocks": 0,\n                                      "Local Hit Blocks": 0,\n                                      "Local Read Blocks": 0,\n                                      "Local Dirtied Blocks": 0,\n                                      "Local Written Blocks": 0,\n                                      "Temp Read Blocks": 0,\n                                      "Temp Written Blocks": 0,\n                                      "I/O Read Time": 0.000,\n                                      "I/O Write Time": 0.000,\n                                      "Plans": [\n                                        {\n                                          "Node Type": "Seq Scan",\n                                          "Parent Relationship": "Outer",\n                                          "Relation Name": "categories",\n                                          "Schema": "public",\n                                          "Alias": "cat",\n                                          "Startup Cost": 0.00,\n                                          "Total Cost": 1.16,\n                                          "Plan Rows": 16,\n                                          "Plan Width": 122,\n                                          "Actual Startup Time": 0.250,\n                                          "Actual Total Time": 0.252,\n                                          "Actual Rows": 16,\n                                          "Actual Loops": 1,\n                                          "Output": ["cat.categoryname", "cat.category"],\n                                          "Shared Hit Blocks": 0,\n                                          "Shared Read Blocks": 1,\n                                          "Shared Dirtied Blocks": 0,\n                                          "Shared Written Blocks": 0,\n                                          "Local Hit Blocks": 0,\n                                          "Local Read Blocks": 0,\n                                          "Local Dirtied Blocks": 0,\n                                          "Local Written Blocks": 0,\n                                          "Temp Read Blocks": 0,\n                                          "Temp Written Blocks": 0,\n                                          "I/O Read Time": 0.000,\n                                          "I/O Write Time": 0.000\n                                        }\n                                      ]\n                                    }\n                                  ]\n                                }\n                              ]\n                            }\n                          ]\n                        },\n                        {\n                          "Node Type": "Hash",\n                          "Parent Relationship": "Inner",\n                          "Startup Cost": 220.00,\n                          "Total Cost": 220.00,\n                          "Plan Rows": 12000,\n                          "Plan Width": 16,\n                          "Actual Startup Time": 10.159,\n                          "Actual Total Time": 10.159,\n                          "Actual Rows": 12000,\n                          "Actual Loops": 1,\n                          "Output": ["o.netamount", "o.totalamount", "o.orderid"],\n                          "Hash Buckets": 2048,\n                          "Hash Batches": 1,\n                          "Original Hash Batches": 1,\n                          "Peak Memory Usage": 609,\n                          "Shared Hit Blocks": 2,\n                          "Shared Read Blocks": 98,\n                          "Shared Dirtied Blocks": 0,\n                          "Shared Written Blocks": 0,\n                          "Local Hit Blocks": 0,\n                          "Local Read Blocks": 0,\n                          "Local Dirtied Blocks": 0,\n                          "Local Written Blocks": 0,\n                          "Temp Read Blocks": 0,\n                          "Temp Written Blocks": 0,\n                          "I/O Read Time": 0.000,\n                          "I/O Write Time": 0.000,\n                          "Plans": [\n                            {\n                              "Node Type": "Seq Scan",\n                              "Parent Relationship": "Outer",\n                              "Relation Name": "orders",\n                              "Schema": "public",\n                              "Alias": "o",\n                              "Startup Cost": 0.00,\n                              "Total Cost": 220.00,\n                              "Plan Rows": 12000,\n                              "Plan Width": 16,\n                              "Actual Startup Time": 0.008,\n                              "Actual Total Time": 5.548,\n                              "Actual Rows": 12000,\n                              "Actual Loops": 1,\n                              "Output": ["o.netamount", "o.totalamount", "o.orderid"],\n                              "Shared Hit Blocks": 2,\n                              "Shared Read Blocks": 98,\n                              "Shared Dirtied Blocks": 0,\n                              "Shared Written Blocks": 0,\n                              "Local Hit Blocks": 0,\n                              "Local Read Blocks": 0,\n                              "Local Dirtied Blocks": 0,\n                              "Local Written Blocks": 0,\n                              "Temp Read Blocks": 0,\n                              "Temp Written Blocks": 0,\n                              "I/O Read Time": 0.000,\n                              "I/O Write Time": 0.000\n                            }\n                          ]\n                        }\n                      ]\n                    },\n                    {\n                      "Node Type": "Hash",\n                      "Parent Relationship": "Inner",\n                      "Startup Cost": 3377.25,\n                      "Total Cost": 3377.25,\n                      "Plan Rows": 60350,\n                      "Plan Width": 7,\n                      "Actual Startup Time": 95.610,\n                      "Actual Total Time": 95.610,\n                      "Actual Rows": 60350,\n                      "Actual Loops": 1,\n                      "Output": ["c.state", "ch.orderid"],\n                      "Hash Buckets": 8192,\n                      "Hash Batches": 1,\n                      "Original Hash Batches": 1,\n                      "Peak Memory Usage": 2239,\n                      "Shared Hit Blocks": 4,\n                      "Shared Read Blocks": 811,\n                      "Shared Dirtied Blocks": 0,\n                      "Shared Written Blocks": 0,\n                      "Local Hit Blocks": 0,\n                      "Local Read Blocks": 0,\n                      "Local Dirtied Blocks": 0,\n                      "Local Written Blocks": 0,\n                      "Temp Read Blocks": 0,\n                      "Temp Written Blocks": 0,\n                      "I/O Read Time": 0.000,\n                      "I/O Write Time": 0.000,\n                      "Plans": [\n                        {\n                          "Node Type": "Hash Join",\n                          "Parent Relationship": "Outer",\n                          "Join Type": "Inner",\n                          "Startup Cost": 938.00,\n                          "Total Cost": 3377.25,\n                          "Plan Rows": 60350,\n                          "Plan Width": 7,\n                          "Actual Startup Time": 24.115,\n                          "Actual Total Time": 74.639,\n                          "Actual Rows": 60350,\n                          "Actual Loops": 1,\n                          "Output": ["c.state", "ch.orderid"],\n                          "Hash Cond": "(ch.customerid = c.customerid)",\n                          "Shared Hit Blocks": 4,\n                          "Shared Read Blocks": 811,\n                          "Shared Dirtied Blocks": 0,\n                          "Shared Written Blocks": 0,\n                          "Local Hit Blocks": 0,\n                          "Local Read Blocks": 0,\n                          "Local Dirtied Blocks": 0,\n                          "Local Written Blocks": 0,\n                          "Temp Read Blocks": 0,\n                          "Temp Written Blocks": 0,\n                          "I/O Read Time": 0.000,\n                          "I/O Write Time": 0.000,\n                          "Plans": [\n                            {\n                              "Node Type": "Seq Scan",\n                              "Parent Relationship": "Outer",\n                              "Relation Name": "cust_hist",\n                              "Schema": "public",\n                              "Alias": "ch",\n                              "Startup Cost": 0.00,\n                              "Total Cost": 930.50,\n                              "Plan Rows": 60350,\n                              "Plan Width": 8,\n                              "Actual Startup Time": 0.294,\n                              "Actual Total Time": 11.812,\n                              "Actual Rows": 60350,\n                              "Actual Loops": 1,\n                              "Output": ["ch.customerid", "ch.orderid", "ch.prod_id"],\n                              "Shared Hit Blocks": 2,\n                              "Shared Read Blocks": 325,\n                              "Shared Dirtied Blocks": 0,\n                              "Shared Written Blocks": 0,\n                              "Local Hit Blocks": 0,\n                              "Local Read Blocks": 0,\n                              "Local Dirtied Blocks": 0,\n                              "Local Written Blocks": 0,\n                              "Temp Read Blocks": 0,\n                              "Temp Written Blocks": 0,\n                              "I/O Read Time": 0.000,\n                              "I/O Write Time": 0.000\n                            },\n                            {\n                              "Node Type": "Hash",\n                              "Parent Relationship": "Inner",\n                              "Startup Cost": 688.00,\n                              "Total Cost": 688.00,\n                              "Plan Rows": 20000,\n                              "Plan Width": 7,\n                              "Actual Startup Time": 23.786,\n                              "Actual Total Time": 23.786,\n                              "Actual Rows": 20000,\n                              "Actual Loops": 1,\n                              "Output": ["c.state", "c.customerid"],\n                              "Hash Buckets": 2048,\n                              "Hash Batches": 1,\n                              "Original Hash Batches": 1,\n                              "Peak Memory Usage": 743,\n                              "Shared Hit Blocks": 2,\n                              "Shared Read Blocks": 486,\n                              "Shared Dirtied Blocks": 0,\n                              "Shared Written Blocks": 0,\n                              "Local Hit Blocks": 0,\n                              "Local Read Blocks": 0,\n                              "Local Dirtied Blocks": 0,\n                              "Local Written Blocks": 0,\n                              "Temp Read Blocks": 0,\n                              "Temp Written Blocks": 0,\n                              "I/O Read Time": 0.000,\n                              "I/O Write Time": 0.000,\n                              "Plans": [\n                                {\n                                  "Node Type": "Seq Scan",\n                                  "Parent Relationship": "Outer",\n                                  "Relation Name": "customers",\n                                  "Schema": "public",\n                                  "Alias": "c",\n                                  "Startup Cost": 0.00,\n                                  "Total Cost": 688.00,\n                                  "Plan Rows": 20000,\n                                  "Plan Width": 7,\n                                  "Actual Startup Time": 0.005,\n                                  "Actual Total Time": 16.771,\n                                  "Actual Rows": 20000,\n                                  "Actual Loops": 1,\n                                  "Output": ["c.state", "c.customerid"],\n                                  "Shared Hit Blocks": 2,\n                                  "Shared Read Blocks": 486,\n                                  "Shared Dirtied Blocks": 0,\n                                  "Shared Written Blocks": 0,\n                                  "Local Hit Blocks": 0,\n                                  "Local Read Blocks": 0,\n                                  "Local Dirtied Blocks": 0,\n                                  "Local Written Blocks": 0,\n                                  "Temp Read Blocks": 0,\n                                  "Temp Written Blocks": 0,\n                                  "I/O Read Time": 0.000,\n                                  "I/O Write Time": 0.000\n                                }\n                              ]\n                            }\n                          ]\n                        }\n                      ]\n                    }\n                  ]\n                }\n              ]\n            }\n          ]\n        }\n      ]\n    },\n    "Planning Time": 26.171,\n    "Triggers": [\n    ],\n    "Execution Time": 726.800\n  }\n]',
b.SAMPLE_QUERY="SELECT c.state,\n  cat.categoryname,\n  sum(o.netamount),\n  sum(o.totalamount)\nFROM customers c\n  INNER JOIN cust_hist ch ON c.customerid = ch.customerid\n  INNER JOIN orders o ON ch.orderid = o.orderid\n  INNER JOIN orderlines ol ON ol.orderid = o.orderid\n  INNER JOIN products p ON ol.prod_id = p.prod_id\n  INNER JOIN categories cat ON p.category = cat.category\nGROUP BY c.state, cat.categoryname\nORDER BY c.state, sum(o.totalamount) DESC\nLIMIT 10 OFFSET 1",d.define=e,c.exports}),System.registerDynamic("components/about/about",["angular2/core"],!0,function(a,b,c){var d=this,e=d.define;d.define=void 0;var f=this&&this.__decorate||function(a,b,c,d){var e,f=arguments.length,g=f<3?b:null===d?d=Object.getOwnPropertyDescriptor(b,c):d;if("object"==typeof Reflect&&"function"==typeof Reflect.decorate)g=Reflect.decorate(a,b,c,d);else for(var h=a.length-1;h>=0;h--)(e=a[h])&&(g=(f<3?e(g):f>3?e(b,c,g):e(b,c))||g);return f>3&&g&&Object.defineProperty(b,c,g),g},g=this&&this.__metadata||function(a,b){if("object"==typeof Reflect&&"function"==typeof Reflect.metadata)return Reflect.metadata(a,b)},h=a("angular2/core"),i=function(){function a(){}return a=f([h.Component({selector:"about",template:'\n      <div class="page page-content">\n         <h2>Postgres EXPLAIN Visualizer (Pev)</h2>\n         <p>\n            Pev is designed to make <a href="http://www.postgresql.org/docs/current/static/sql-explain.html">\n            Postgres query plans</a> easier to grok. It displays a plan as a tree, with each node representing a step that takes in a row set\n            and produces another. Pev can show you a number of useful things:</p>\n            <ul>\n               <li>overall plan stats</li>\n               <li>individual node stats (duration, row size, cost)</li>\n               <li>explanation of what each node does</li>\n               <li>outlier nodes</li>\n               <li>graph of a specific metric (like cost) for all nodes</li>\n               <li>for some nodes, highlighted part of the query which corresponds to the node</li>\n            </ul>\n\n         <p>You can tweak display options using the menu on the right.</p>\n\n         <h3>Usage tips</h3>\n         <p>Pev currently accepts only JSON formatted plans. In fact, the get the most out of it,\n            I recommend generating a query plan using the following line:\n            <code>EXPLAIN (ANALYZE, COSTS, VERBOSE, BUFFERS, FORMAT JSON)</code>. I also recommend submitting a (decently formatted)\n            SQL query that generated the plan. Doing so will make Pev more useful.\n         </p>\n\n         <p>Pev will remember the plans you analyzed. They are stored locally and are not submitted to me. This is good\n         because no one but you will see your queries. It\'s also bad because you can\'t share them with others.</p>\n\n         <h3>Acknowledgements</h3>\n         <p>Pev was inspired and heavily influenced by the excellent <a href="http://explain.depesz.com/">explain.depesz.com</a>. Both the\n            tool and the corresponding help files are a great resource to learn about Postgres and its planner.\n         </p>\n\n         <h3>Help me improve Pev</h3>\n         <p>If you want to help, there are multiple ways to contribute:</p>\n         <ul>\n            <li>give me your plans - I need more test cases for the layout</li>\n            <li>add descriptions for missing node types (especially ones from newer versions of Postgres)</li>\n            <li>contribute to the code on <a href="https://github.com/AlexTatiyants/pev">github</a></li>\n         </ul>\n\n      </div>\n    '}),g("design:paramtypes",[])],a)}();return b.About=i,d.define=e,c.exports}),System.registerDynamic("components/app/app",["angular2/core","angular2/router","components/plan-view/plan-view","components/plan-list/plan-list","components/plan-new/plan-new","components/about/about"],!0,function(a,b,c){var d=this,e=d.define;d.define=void 0;var f=this&&this.__decorate||function(a,b,c,d){var e,f=arguments.length,g=f<3?b:null===d?d=Object.getOwnPropertyDescriptor(b,c):d;if("object"==typeof Reflect&&"function"==typeof Reflect.decorate)g=Reflect.decorate(a,b,c,d);else for(var h=a.length-1;h>=0;h--)(e=a[h])&&(g=(f<3?e(g):f>3?e(b,c,g):e(b,c))||g);return f>3&&g&&Object.defineProperty(b,c,g),g},g=this&&this.__metadata||function(a,b){if("object"==typeof Reflect&&"function"==typeof Reflect.metadata)return Reflect.metadata(a,b)},h=a("angular2/core"),i=a("angular2/router"),j=a("components/plan-view/plan-view"),k=a("components/plan-list/plan-list"),l=a("components/plan-new/plan-new"),m=a("components/about/about"),n=function(){function a(){}return a=f([h.Component({selector:"app",template:'\n      <nav>\n         <div class="nav-container">\n            <a class="about"[routerLink]="[\'About\']">about</a>\n            <a class="btn btn-primary btn-lg pull-right" [routerLink]="[\'PlanNew\']">new plan</a>\n            <a [routerLink]="[\'PlanList\']">plans</a>\n         </div>\n      </nav>\n\n      <router-outlet></router-outlet>\n\n      <footer><strong>pev</strong> is made by\n         <a href="http://tatiyants.com/">Alex Tatiyants</a>\n         <a href="https://twitter.com/AlexTatiyants"><i class="fa fa-twitter"></i></a>\n         <a href="https://github.com/AlexTatiyants"><i class="fa fa-github"></i></a>\n      </footer>\n    ',encapsulation:h.ViewEncapsulation.None,directives:[i.ROUTER_DIRECTIVES]}),i.RouteConfig([{path:"/",redirectTo:["/PlanList"]},{path:"/plans",component:k.PlanList,name:"PlanList"},{path:"/plans/new",component:l.PlanNew,name:"PlanNew"},{path:"/plans/:id",component:j.PlanView,name:"PlanView"},{path:"/about",component:m.About,name:"About"}]),g("design:paramtypes",[])],a)}();return b.App=n,d.define=e,c.exports}),System.registerDynamic("bootstrap",["angular2/core","angular2/platform/browser","angular2/router","components/app/app"],!0,function(a,b,c){var d=this,e=d.define;d.define=void 0;var f=a("angular2/core"),g=a("angular2/platform/browser"),h=a("angular2/router"),i=a("components/app/app");return g.bootstrap(i.App,[h.ROUTER_PROVIDERS,f.provide(h.LocationStrategy,{useClass:h.HashLocationStrategy})]),d.define=e,c.exports});
//# sourceMappingURL=app.js.map